#
# A fatal error has been detected by the Java Runtime Environment:
#
#  EXCEPTION_ACCESS_VIOLATION (0xc0000005) at pc=0x0000000004ffe5a6, pid=4760, tid=4764
#
# JRE version: 6.0_17-b04
# Java VM: Java HotSpot(TM) 64-Bit Server VM (14.3-b01 mixed mode windows-amd64 )
# Problematic frame:
# C  [m_dispatcher.dll+0x2e5a6]
#
# If you would like to submit a bug report, please visit:
#   http://java.sun.com/webapps/bugreport/crash.jsp
# The crash happened outside the Java Virtual Machine in native code.
# See problematic frame for where to report the bug.
#

---------------  T H R E A D  ---------------

Current thread (0x0000000006084000):  JavaThread "main" [_thread_in_native, id=4764, stack(0x0000000000120000,0x0000000004120000)]

siginfo: ExceptionCode=0xc0000005, reading address 0x0000000000000001

Registers:
EAX=0x0000000000000000, EBX=0x0000000000000000, ECX=0xffffffffffffffff, EDX=0x0000000000000000
ESP=0x000000000411c980, EBP=0x000000000d693610, ESI=0x00000000062aa25f, EDI=0x000000000d693610
EIP=0x0000000004ffe5a6, EFLAGS=0x0000000000010286

Top of Stack: (sp=0x000000000411c980)
0x000000000411c980:   000000000876fab0 000000000411f900
0x000000000411c990:   0000000000000000 ffffffff00000000
0x000000000411c9a0:   00000000087d1e00 0000000000000000
0x000000000411c9b0:   0000000000000000 0000000000000000
0x000000000411c9c0:   000007feecbb75c0 000000000411fa98
0x000000000411c9d0:   fffffffffffffffe 000000000000000a
0x000000000411c9e0:   000000013ffc0000 0000000004ef8381
0x000000000411c9f0:   000000000000127f 0000000000000000
0x000000000411ca00:   0000000000000000 0000ffff00000000
0x000000000411ca10:   0000000000000000 0000000000000000
0x000000000411ca20:   0000000000000000 0000000000000000
0x000000000411ca30:   0000000000000000 0000000000000000
0x000000000411ca40:   0000000000000000 0000000000000000
0x000000000411ca50:   0000000000000000 0000000000000000
0x000000000411ca60:   0000000000000000 0000000000000000
0x000000000411ca70:   0000000000000098 0000000000000000 

Instructions: (pc=0x0000000004ffe5a6)
0x0000000004ffe596:   ff cc cc cc cc cc cc cc cc cc 33 c0 48 83 c9 ff
0x0000000004ffe5a6:   4b 8b 3c ee f2 ae 48 f7 d1 48 ff c9 48 89 4c 24 


Stack: [0x0000000000120000,0x0000000004120000],  sp=0x000000000411c980,  free space=65522k
Native frames: (J=compiled Java code, j=interpreted, Vv=VM code, C=native code)
C  [m_dispatcher.dll+0x2e5a6]

Java frames: (J=compiled Java code, j=interpreted, Vv=VM code)
j  com.mathworks.jmi.NativeMatlab.SendMatlabMessage(Ljava/lang/Object;)Ljava/lang/Object;+0
j  com.mathworks.jmi.NativeMatlab.sendMatlabMessage(Ljava/lang/Object;)Ljava/lang/Object;+22
j  com.mathworks.jmi.MatlabLooper.sendMatlabMessage(Lcom/mathworks/services/message/MWMessage;)Ljava/lang/Object;+20
j  com.mathworks.jmi.Matlab.mtFevalConsoleOutput(Ljava/lang/String;[Ljava/lang/Object;I)Ljava/lang/Object;+58
j  com.mathworks.mde.desk.MLDesktop$8.run()V+14
j  com.mathworks.jmi.NativeMatlab.dispatchMTRequests(Z)V+57
v  ~StubRoutines::call_stub

---------------  P R O C E S S  ---------------

Java Threads: ( => current thread )
  0x00000000633c0800 JavaThread "pool-5-thread-1" [_thread_blocked, id=4816, stack(0x000000001af20000,0x000000001afa0000)]
  0x00000000633bf000 JavaThread "Prefs Updater" daemon [_thread_blocked, id=5772, stack(0x0000000015020000,0x00000000150a0000)]
  0x000000006113f800 JavaThread "Swing-Shell" daemon [_thread_blocked, id=460, stack(0x000000001b210000,0x000000001b290000)]
  0x00000000633c0000 JavaThread "Code Analyzer updating thread" [_thread_blocked, id=6000, stack(0x000000001a8f0000,0x000000001a970000)]
  0x0000000061562000 JavaThread "Code Analyzer updating thread" [_thread_blocked, id=5996, stack(0x000000001a780000,0x000000001a800000)]
  0x0000000061561000 JavaThread "Code Analyzer updating thread" [_thread_blocked, id=5984, stack(0x000000001a620000,0x000000001a6a0000)]
  0x0000000061560800 JavaThread "Code Analyzer updating thread" [_thread_blocked, id=5972, stack(0x0000000019290000,0x0000000019310000)]
  0x0000000061560000 JavaThread "Code Analyzer updating thread" [_thread_blocked, id=5964, stack(0x000000001a510000,0x000000001a590000)]
  0x000000006155f000 JavaThread "Code Analyzer updating thread" [_thread_blocked, id=5960, stack(0x000000001a480000,0x000000001a500000)]
  0x000000006155e800 JavaThread "Code Analyzer updating thread" [_thread_blocked, id=5956, stack(0x00000000190d0000,0x0000000019150000)]
  0x000000006155d800 JavaThread "Code Analyzer updating thread" [_thread_blocked, id=5952, stack(0x00000000193f0000,0x0000000019470000)]
  0x000000006155d000 JavaThread "Active Reference Queue Daemon" daemon [_thread_blocked, id=5944, stack(0x0000000019360000,0x00000000193e0000)]
  0x000000006155b800 JavaThread "Timer-7" daemon [_thread_blocked, id=5940, stack(0x00000000191b0000,0x0000000019230000)]
  0x000000006155c000 JavaThread "Timer-6" daemon [_thread_blocked, id=5928, stack(0x0000000019000000,0x0000000019080000)]
  0x000000006155a800 JavaThread "Explorer NavigationContext request queue" [_thread_blocked, id=5904, stack(0x00000000659f0000,0x0000000065a70000)]
  0x0000000061142800 JavaThread "AddressBar directory emptiness poller" [_thread_blocked, id=5892, stack(0x0000000065890000,0x0000000065910000)]
  0x0000000061141800 JavaThread "Explorer Refresh Service 478582734" [_thread_blocked, id=5888, stack(0x0000000062860000,0x00000000628e0000)]
  0x0000000061140800 JavaThread "Timer-1" daemon [_thread_blocked, id=5864, stack(0x0000000062790000,0x0000000062810000)]
  0x000000006113c800 JavaThread "TimerQueue" daemon [_thread_blocked, id=5844, stack(0x0000000048970000,0x00000000489f0000)]
  0x000000006113c000 JavaThread "Thread-5" daemon [_thread_blocked, id=5612, stack(0x0000000014ef0000,0x0000000014f70000)]
  0x0000000061346000 JavaThread "AWT-EventQueue-0" [_thread_blocked, id=5608, stack(0x000000001cfd0000,0x000000001d050000)]
  0x00000000613fa800 JavaThread "AWT-Shutdown" [_thread_blocked, id=5604, stack(0x000000000fd90000,0x000000000fe10000)]
  0x00000000615db800 JavaThread "FelixPackageAdmin" daemon [_thread_blocked, id=5568, stack(0x000000000fe80000,0x000000000ff00000)]
  0x0000000061305800 JavaThread "FelixStartLevel" daemon [_thread_blocked, id=5564, stack(0x000000000e900000,0x000000000e980000)]
  0x00000000614ba800 JavaThread "FelixDispatchQueue" daemon [_thread_blocked, id=5560, stack(0x000000000fcf0000,0x000000000fd70000)]
  0x000000000e306800 JavaThread "com.google.common.base.internal.Finalizer" daemon [_thread_blocked, id=2260, stack(0x000000000dfc0000,0x000000000e040000)]
  0x00000000611a0000 JavaThread "AWT-Windows" daemon [_thread_in_native, id=3796, stack(0x000000000e780000,0x000000000e800000)]
  0x0000000061145000 JavaThread "Java2D Disposer" daemon [_thread_blocked, id=4768, stack(0x000000000e5f0000,0x000000000e670000)]
  0x0000000060dad000 JavaThread "Timer-0" [_thread_blocked, id=4500, stack(0x000000000e6e0000,0x000000000e760000)]
  0x000000000faf3000 JavaThread "EventMgr Dispatcher" daemon [_thread_in_native, id=4476, stack(0x0000000009370000,0x000000000d370000)]
  0x000000000de74800 JavaThread "Low Memory Detector" daemon [_thread_blocked, id=4592, stack(0x000000000e160000,0x000000000e1e0000)]
  0x000000000de73000 JavaThread "CompilerThread1" daemon [_thread_blocked, id=4536, stack(0x000000006ea70000,0x0000000072a70000)]
  0x000000000de66000 JavaThread "CompilerThread0" daemon [_thread_blocked, id=4416, stack(0x000000005cd20000,0x0000000060d20000)]
  0x000000000de60800 JavaThread "Attach Listener" daemon [_thread_blocked, id=4596, stack(0x000000000e0c0000,0x000000000e140000)]
  0x000000000613f800 JavaThread "Finalizer" daemon [_thread_blocked, id=4552, stack(0x0000000009290000,0x0000000009310000)]
  0x000000000613e800 JavaThread "Reference Handler" daemon [_thread_blocked, id=4556, stack(0x000000000d3a0000,0x000000000d420000)]
=>0x0000000006084000 JavaThread "main" [_thread_in_native, id=4764, stack(0x0000000000120000,0x0000000004120000)]

Other Threads:
  0x000000000613d000 VMThread [stack: 0x0000000058ce0000,0x000000005cce0000] [id=4544]
  0x000000000dea0000 WatcherThread [stack: 0x0000000080000000,0x0000000084000000] [id=4412]

VM state:not at safepoint (normal execution)

VM Mutex/Monitor currently owned by a thread: None

Heap
 PSYoungGen      total 16192K, used 1090K [0x0000000045840000, 0x0000000046840000, 0x0000000048940000)
  eden space 16000K, 6% used [0x0000000045840000,0x0000000045930bf0,0x00000000467e0000)
  from space 192K, 66% used [0x0000000046810000,0x0000000046830000,0x0000000046840000)
  to   space 192K, 0% used [0x00000000467e0000,0x00000000467e0000,0x0000000046810000)
 PSOldGen        total 95616K, used 91208K [0x000000003c540000, 0x00000000422a0000, 0x0000000045840000)
  object space 95616K, 95% used [0x000000003c540000,0x0000000041e52368,0x00000000422a0000)
 PSPermGen       total 106304K, used 69350K [0x0000000034540000, 0x000000003ad10000, 0x000000003c540000)
  object space 106304K, 65% used [0x0000000034540000,0x00000000388f9a40,0x000000003ad10000)

Dynamic libraries:
0x000000013ffc0000 - 0x000000013ffed000 	C:\Program Files\MATLAB\R2012b\bin\win64\MATLAB.exe
0x0000000077610000 - 0x00000000777b9000 	C:\Windows\SYSTEM32\ntdll.dll
0x0000000077290000 - 0x00000000773af000 	C:\Windows\system32\kernel32.dll
0x000007fefdbc0000 - 0x000007fefdc2b000 	C:\Windows\system32\KERNELBASE.dll
0x0000000074460000 - 0x000000007451f000 	C:\Program Files\MATLAB\R2012b\bin\win64\libut.dll
0x00000000758a0000 - 0x000000007595c000 	C:\Program Files\MATLAB\R2012b\bin\win64\libmwi18n.dll
0x0000000180000000 - 0x000000018000b000 	C:\Program Files\MATLAB\R2012b\bin\win64\libmwresource_core.dll
0x0000000074ce0000 - 0x0000000074db3000 	C:\Windows\WinSxS\amd64_microsoft.vc90.crt_1fc8b3b9a1e18e3b_9.0.30729.6161_none_08e61857a83bc251\MSVCP90.dll
0x0000000074df0000 - 0x0000000074e93000 	C:\Windows\WinSxS\amd64_microsoft.vc90.crt_1fc8b3b9a1e18e3b_9.0.30729.6161_none_08e61857a83bc251\MSVCR90.dll
0x000000007a170000 - 0x000000007a19c000 	C:\Program Files\MATLAB\R2012b\bin\win64\boost_filesystem-vc90-mt-1_44.dll
0x000000007a560000 - 0x000000007a569000 	C:\Program Files\MATLAB\R2012b\bin\win64\boost_system-vc90-mt-1_44.dll
0x000007fefe450000 - 0x000007fefe52b000 	C:\Windows\system32\ADVAPI32.dll
0x000007fefe540000 - 0x000007fefe5df000 	C:\Windows\system32\msvcrt.dll
0x000007feff7b0000 - 0x000007feff7cf000 	C:\Windows\SYSTEM32\sechost.dll
0x000007feff680000 - 0x000007feff7ad000 	C:\Windows\system32\RPCRT4.dll
0x000000007a010000 - 0x000000007a035000 	C:\Program Files\MATLAB\R2012b\bin\win64\LIBEXPAT.dll
0x0000000074890000 - 0x0000000074a81000 	C:\Program Files\MATLAB\R2012b\bin\win64\icuin44.dll
0x00000000742c0000 - 0x0000000074431000 	C:\Program Files\MATLAB\R2012b\bin\win64\icuuc44.dll
0x0000000010000000 - 0x0000000010e41000 	C:\Program Files\MATLAB\R2012b\bin\win64\icudt44.dll
0x0000000073f70000 - 0x000000007411d000 	C:\Program Files\MATLAB\R2012b\bin\win64\libmwfl.dll
0x00000000043e0000 - 0x0000000004796000 	C:\Program Files\MATLAB\R2012b\bin\win64\libmwMATLAB_res.dll
0x000000007a3b0000 - 0x000000007a3c0000 	C:\Program Files\MATLAB\R2012b\bin\win64\boost_date_time-vc90-mt-1_44.dll
0x000000007a250000 - 0x000000007a263000 	C:\Program Files\MATLAB\R2012b\bin\win64\boost_signals-vc90-mt-1_44.dll
0x000000007a2d0000 - 0x000000007a2e2000 	C:\Program Files\MATLAB\R2012b\bin\win64\boost_thread-vc90-mt-1_44.dll
0x00000000041a0000 - 0x000000000425d000 	C:\Program Files\MATLAB\R2012b\bin\win64\boost_log-vc90-mt-1_44.dll
0x00000000777d0000 - 0x00000000777d7000 	C:\Windows\system32\PSAPI.DLL
0x000007feff850000 - 0x000007feff89d000 	C:\Windows\system32\WS2_32.dll
0x000007fefe860000 - 0x000007fefe868000 	C:\Windows\system32\NSI.dll
0x0000000004270000 - 0x00000000042b6000 	C:\Program Files\MATLAB\R2012b\bin\win64\tbb.dll
0x000007fefe870000 - 0x000007fefe889000 	C:\Windows\system32\imagehlp.dll
0x0000000074870000 - 0x0000000074883000 	C:\Program Files\MATLAB\R2012b\bin\win64\icuio44.dll
0x000007fef7e00000 - 0x000007fef7f25000 	C:\Windows\system32\dbghelp.dll
0x00000000773b0000 - 0x00000000774aa000 	C:\Windows\system32\USER32.dll
0x000007fefe750000 - 0x000007fefe7b7000 	C:\Windows\system32\GDI32.dll
0x000007fefe530000 - 0x000007fefe53e000 	C:\Windows\system32\LPK.dll
0x000007fefe5e0000 - 0x000007fefe6a9000 	C:\Windows\system32\USP10.dll
0x00000000047a0000 - 0x0000000004a7c000 	C:\Program Files\MATLAB\R2012b\bin\win64\libmwservices.dll
0x0000000075a20000 - 0x0000000075af3000 	C:\Program Files\MATLAB\R2012b\bin\win64\libmx.dll
0x0000000004aa0000 - 0x0000000004ac9000 	C:\Program Files\MATLAB\R2012b\bin\win64\tbbmalloc.dll
0x000000007a210000 - 0x000000007a228000 	C:\Program Files\MATLAB\R2012b\bin\win64\zlib1.dll
0x0000000004af0000 - 0x0000000004b3d000 	C:\Program Files\MATLAB\R2012b\bin\win64\libmwregexp.dll
0x0000000004b50000 - 0x0000000004b73000 	C:\Program Files\MATLAB\R2012b\bin\win64\libmwmfl_scalar.dll
0x0000000075f10000 - 0x0000000075f60000 	C:\Program Files\MATLAB\R2012b\bin\win64\mpath.dll
0x000000007b680000 - 0x000000007bc9a000 	C:\Program Files\MATLAB\R2012b\bin\win64\mlutil.dll
0x00000000754d0000 - 0x0000000075551000 	C:\Program Files\MATLAB\R2012b\bin\win64\xmlcore.dll
0x0000000004bc0000 - 0x0000000004e13000 	C:\Program Files\MATLAB\R2012b\bin\win64\xerces-c_2_7.dll
0x0000000004e30000 - 0x0000000004e50000 	C:\Program Files\MATLAB\R2012b\bin\win64\libmwMATLAB_settings_res.dll
0x0000000004e60000 - 0x0000000004e70000 	C:\Program Files\MATLAB\R2012b\bin\win64\boost_iostreams-vc90-mt-1_44.dll
0x0000000004e80000 - 0x0000000004ec7000 	C:\Program Files\MATLAB\R2012b\bin\win64\boost_serialization-vc90-mt-1_44.dll
0x000007fefe8f0000 - 0x000007feff678000 	C:\Windows\system32\SHELL32.dll
0x000007feff8a0000 - 0x000007feff911000 	C:\Windows\system32\SHLWAPI.dll
0x000007fef4670000 - 0x000007fef4710000 	C:\Windows\WinSxS\amd64_microsoft.windows.common-controls_6595b64144ccf1df_5.82.7601.17514_none_a4d6a923711520a9\COMCTL32.dll
0x000007fefe6b0000 - 0x000007fefe747000 	C:\Windows\system32\COMDLG32.dll
0x000007fefac80000 - 0x000007fefac96000 	C:\Windows\system32\NETAPI32.dll
0x000007fefac70000 - 0x000007fefac7c000 	C:\Windows\system32\netutils.dll
0x000007fefd5e0000 - 0x000007fefd603000 	C:\Windows\system32\srvcli.dll
0x000007fefac50000 - 0x000007fefac65000 	C:\Windows\system32\wkscli.dll
0x000007fefde40000 - 0x000007fefe043000 	C:\Windows\system32\ole32.dll
0x000007fefe260000 - 0x000007fefe337000 	C:\Windows\system32\OLEAUT32.dll
0x0000000004ee0000 - 0x0000000004fa1000 	C:\Program Files\MATLAB\R2012b\bin\win64\mcr.dll
0x0000000075000000 - 0x00000000753e9000 	C:\Program Files\MATLAB\R2012b\bin\win64\iqm.dll
0x0000000004fd0000 - 0x0000000005088000 	C:\Program Files\MATLAB\R2012b\bin\win64\m_dispatcher.dll
0x00000000050a0000 - 0x000000000518d000 	C:\Program Files\MATLAB\R2012b\bin\win64\boost_regex-vc90-mt-1_44.dll
0x000007feec3b0000 - 0x000007feecc21000 	C:\Program Files\MATLAB\R2012b\bin\win64\m_interpreter.dll
0x0000000074840000 - 0x0000000074867000 	C:\Program Files\MATLAB\R2012b\bin\win64\libmex.dll
0x00000000747b0000 - 0x0000000074834000 	C:\Program Files\MATLAB\R2012b\bin\win64\profiler.dll
0x00000000051d0000 - 0x000000000543a000 	C:\Program Files\MATLAB\R2012b\bin\win64\libmwmathutil.dll
0x0000000079f40000 - 0x0000000079f6e000 	C:\Program Files\MATLAB\R2012b\bin\win64\libmwmathrng.dll
0x0000000005460000 - 0x0000000005472000 	C:\Program Files\MATLAB\R2012b\bin\win64\libmwmfl_rng.dll
0x0000000005490000 - 0x000000000556e000 	C:\Program Files\MATLAB\R2012b\bin\win64\libmwmathcore.dll
0x0000000076160000 - 0x00000000761ca000 	C:\Program Files\MATLAB\R2012b\bin\win64\libmwspmatrix.dll
0x0000000075ea0000 - 0x0000000075f02000 	C:\Program Files\MATLAB\R2012b\bin\win64\libmwcholmod.dll
0x000000007a460000 - 0x000000007a46d000 	C:\Program Files\MATLAB\R2012b\bin\win64\libmwamd.dll
0x000000007a4b0000 - 0x000000007a4bc000 	C:\Program Files\MATLAB\R2012b\bin\win64\libmwcolamd.dll
0x000000007a290000 - 0x000000007a2a9000 	C:\Program Files\MATLAB\R2012b\bin\win64\libmwblas.dll
0x000000007a310000 - 0x000000007a321000 	C:\Program Files\MATLAB\R2012b\bin\win64\libmwbinder.dll
0x000000007a4d0000 - 0x000000007a4dc000 	C:\Program Files\MATLAB\R2012b\bin\win64\libmwompwrapper.dll
0x00000000055f0000 - 0x0000000005675000 	C:\Program Files\MATLAB\R2012b\bin\win64\libmwlapack.dll
0x0000000074290000 - 0x00000000742b1000 	C:\Program Files\MATLAB\R2012b\bin\win64\m_pcodeio.dll
0x0000000079b10000 - 0x0000000079b77000 	C:\Program Files\MATLAB\R2012b\bin\win64\m_ir.dll
0x0000000066f60000 - 0x00000000675d0000 	C:\Program Files\MATLAB\R2012b\bin\win64\m_parser.dll
0x0000000074270000 - 0x000000007428a000 	C:\Program Files\MATLAB\R2012b\bin\win64\ir_xfmr.dll
0x000007feec110000 - 0x000007feec3a6000 	C:\Program Files\MATLAB\R2012b\bin\win64\mcos.dll
0x0000000074560000 - 0x0000000074571000 	C:\Program Files\MATLAB\R2012b\bin\win64\mtok.dll
0x0000000074230000 - 0x0000000074261000 	C:\Program Files\MATLAB\R2012b\bin\win64\m_pcodegen.dll
0x0000000079fb0000 - 0x0000000079fe6000 	C:\Program Files\MATLAB\R2012b\bin\win64\libmwbridge.dll
0x0000000074160000 - 0x0000000074228000 	C:\Program Files\MATLAB\R2012b\bin\win64\udd.dll
0x0000000067ae0000 - 0x0000000067c32000 	C:\Program Files\MATLAB\R2012b\bin\win64\libmwgui.dll
0x0000000074140000 - 0x0000000074157000 	C:\Program Files\MATLAB\R2012b\bin\win64\graphics_util.dll
0x0000000066500000 - 0x0000000066f5f000 	C:\Program Files\MATLAB\R2012b\bin\win64\hg.dll
0x0000000005750000 - 0x00000000057b8000 	C:\Program Files\MATLAB\R2012b\bin\win64\libmat.dll
0x0000000072d30000 - 0x0000000072f44000 	C:\Program Files\MATLAB\R2012b\bin\win64\hdf5dll.dll
0x0000000075710000 - 0x00000000757de000 	C:\Program Files\MATLAB\R2012b\bin\win64\jmi.dll
0x00000000057f0000 - 0x00000000057fd000 	C:\Program Files\MATLAB\R2012b\bin\win64\nativejava_services.dll
0x0000000005810000 - 0x0000000005856000 	C:\Program Files\MATLAB\R2012b\bin\win64\libmwhardcopy.dll
0x0000000073ce0000 - 0x0000000073d43000 	C:\Program Files\MATLAB\R2012b\bin\win64\libuij.dll
0x0000000067870000 - 0x0000000067ad4000 	C:\Program Files\MATLAB\R2012b\bin\win64\hgdatatypes.dll
0x000000006b550000 - 0x000000006b66f000 	C:\Program Files\MATLAB\R2012b\bin\win64\hgutils.dll
0x00000000680b0000 - 0x0000000068170000 	C:\Program Files\MATLAB\R2012b\bin\win64\udd_mi.dll
0x00000000058b0000 - 0x00000000058eb000 	C:\Program Files\MATLAB\R2012b\bin\win64\libmwgbtutils.dll
0x0000000005900000 - 0x000000000591b000 	C:\Program Files\MATLAB\R2012b\bin\win64\libmwgbt.dll
0x0000000005930000 - 0x0000000005c01000 	C:\Program Files\MATLAB\R2012b\bin\win64\uiw.dll
0x0000000074450000 - 0x000000007445f000 	C:\Program Files\MATLAB\R2012b\bin\win64\uinone.dll
0x0000000005c30000 - 0x0000000005c59000 	C:\Program Files\MATLAB\R2012b\bin\win64\libmwnativefiledialogs.dll
0x0000000005c70000 - 0x0000000005c78000 	C:\Program Files\MATLAB\R2012b\bin\win64\libmwplatform_res.dll
0x000007fef9fa0000 - 0x000007fef9fb8000 	C:\Windows\system32\MPR.dll
0x00000000622a0000 - 0x0000000062784000 	C:\Windows\WinSxS\amd64_microsoft.vc90.mfc_1fc8b3b9a1e18e3b_9.0.30729.6161_none_044aad0bab1eb146\mfc90.dll
0x000007feed010000 - 0x000007feed017000 	C:\Windows\system32\MSIMG32.dll
0x000007fef9ce0000 - 0x000007fef9d51000 	C:\Windows\system32\WINSPOOL.DRV
0x0000000005c90000 - 0x0000000005cb2000 	C:\Program Files\MATLAB\R2012b\bin\win64\mwoles05.DLL
0x0000000073c60000 - 0x0000000073cdd000 	C:\Program Files\MATLAB\R2012b\bin\win64\comcli.dll
0x0000000005ce0000 - 0x0000000005d0f000 	C:\Windows\WinSxS\amd64_microsoft.vc90.atl_1fc8b3b9a1e18e3b_9.0.30729.6161_none_0a1fd3a3a768b895\ATL90.DLL
0x0000000074dc0000 - 0x0000000074dcc000 	C:\Program Files\MATLAB\R2012b\bin\win64\mlautoregister.dll
0x000007fefd940000 - 0x000007fefd997000 	C:\Windows\system32\apphelp.dll
0x000007feec0b0000 - 0x000007feec101000 	C:\Windows\AppPatch\AppPatch64\AcGenral.DLL
0x000007fefd910000 - 0x000007fefd935000 	C:\Windows\system32\SspiCli.dll
0x000000006ea50000 - 0x000000006ea53000 	C:\Windows\system32\sfc.dll
0x000007fef98f0000 - 0x000007fef9900000 	C:\Windows\system32\sfc_os.DLL
0x000007fefcdc0000 - 0x000007fefcdde000 	C:\Windows\system32\USERENV.dll
0x000007fefda70000 - 0x000007fefda7f000 	C:\Windows\system32\profapi.dll
0x000007fefb8e0000 - 0x000007fefb8f8000 	C:\Windows\system32\dwmapi.dll
0x000007fefe050000 - 0x000007fefe07e000 	C:\Windows\system32\IMM32.DLL
0x000007fefe340000 - 0x000007fefe449000 	C:\Windows\system32\MSCTF.dll
0x000007fefbe00000 - 0x000007fefbe56000 	C:\Windows\system32\UxTheme.dll
0x0000000005e50000 - 0x0000000005e5d000 	C:\Windows\WinSxS\amd64_microsoft.vc90.mfcloc_1fc8b3b9a1e18e3b_9.0.30729.6161_none_01c9581e60cbee58\MFC90ENU.DLL
0x0000000005e90000 - 0x0000000005e9f000 	C:\Program Files\MATLAB\R2012b\bin\win64\xmlxrcsc.dll
0x000007fefd9a0000 - 0x000007fefd9af000 	C:\Windows\system32\CRYPTBASE.dll
0x000007fefc1a0000 - 0x000007fefc394000 	C:\Windows\WinSxS\amd64_microsoft.windows.common-controls_6595b64144ccf1df_6.0.7601.17514_none_fa396087175ac9ac\comctl32.dll

VM Arguments:
jvm_args: -Xss512k -XX:PermSize=32m -Xms64m -XX:NewRatio=3 -XX:MaxPermSize=128m -Xmx196m -XX:MaxDirectMemorySize=2147400000 -Dsun.java2d.noddraw=true -Dsun.awt.nopixfmt=true -Xshare:off -Xrs -Dsun.awt.disableMixing=true -Djava.library.path=C:\Program Files\MATLAB\R2012b\bin\win64;C:\Program Files\MATLAB\R2012b\sys\jxbrowser\win64\lib vfprintf abort 
java_command: <unknown>
Launcher Type: generic

Environment Variables:
PATH=C:\Windows\system32;C:\Windows;C:\Windows\System32\Wbem;C:\Windows\System32\WindowsPowerShell\v1.0\;C:\Program Files\MATLAB\R2012b\runtime\win64;C:\Program Files\MATLAB\R2012b\bin;C:\Program Files\MiKTeX 2.9\miktex\bin\x64\;C:\Program Files (x86)\Microsoft SQL Server\100\Tools\Binn\;C:\Program Files\Microsoft SQL Server\100\Tools\Binn\;C:\Program Files\Microsoft SQL Server\100\DTS\Binn\;C:\Program Files (x86)\Git\cmd;C:\MinGW\bin;C:\MinGW\msys\1.0\bin;C:\Program Files\Microsoft\Web Platform Installer\;C:\Program Files (x86)\Microsoft ASP.NET\ASP.NET Web Pages\v1.0\;C:\Program Files (x86)\Windows Kits\8.0\Windows Performance Toolkit\;C:\Program Files\Microsoft SQL Server\110\Tools\Binn\;D:\Univeristy\Enginyeria Informatica\Projecte\Codis\Faceanalyser\bin\mingw_x86;C:\Program Files (x86)\Rational\common;C:\Program Files (x86)\Microsoft SQL Server\110\Tools\Binn\;C:\Program Files (x86)\Microsoft SQL Server\110\DTS\Binn\;C:\Program Files (x86)\Microsoft SQL Server\110\Tools\Binn\ManagementStudio\;C:\Program Files (x86)\GnuWin32\bin
USERNAME=Marc Oliu
OS=Windows_NT
PROCESSOR_IDENTIFIER=Intel64 Family 6 Model 42 Stepping 7, GenuineIntel



---------------  S Y S T E M  ---------------

OS: Windows 7 Build 7601 Service Pack 1

CPU:total 4 (8 cores per cpu, 2 threads per core) family 6 model 42 stepping 7, cmov, cx8, fxsr, mmx, sse, sse2, sse3, ssse3, sse4.1, sse4.2, ht

Memory: 4k page, physical 4102896k(1117732k free), swap 8203940k(3750708k free)

vm_info: Java HotSpot(TM) 64-Bit Server VM (14.3-b01) for windows-amd64 JRE (1.6.0_17-b04), built on Oct 11 2009 00:46:08 by "java_re" with MS VC++ 8.0

time: Thu Mar 13 20:38:02 2014
elapsed time: 18546 seconds

